# JRE version: OpenJDK Runtime Environment (8.0_131-b11) (build 1.8.0_131-8u131-b11-0ubuntu1.16.04.2-b11)
# Java VM: OpenJDK Server VM (25.131-b11 mixed mode linux-x86 )
Heap:
 def new generation   total 4928K, used 142K [0x97600000, 0x97b50000, 0x9c8a0000)
  eden space 4416K,   0% used [0x97600000, 0x97600000, 0x97a50000)
  from space 512K,  27% used [0x97ad0000, 0x97af38b8, 0x97b50000)
  to   space 512K,   0% used [0x97a50000, 0x97a50000, 0x97ad0000)
 tenured generation   total 11200K, used 11102K [0x9c8a0000, 0x9d390000, 0xa6e00000)
   the space 11200K,  99% used [0x9c8a0000, 0x9d3778d0, 0x9cec5200, 0x9d390000)
 Metaspace       used 13907K, capacity 13989K, committed 14104K, reserved 14640K
GC Heap History (10 events):
Event: 12.753 GC heap after
Heap after GC invocations=24 (full 0):
 def new generation   total 4928K, used 337K [0x97600000, 0x97b50000, 0x9c8a0000)
  eden space 4416K,   0% used [0x97600000, 0x97600000, 0x97a50000)
  from space 512K,  65% used [0x97a50000, 0x97aa4698, 0x97ad0000)
  to   space 512K,   0% used [0x97ad0000, 0x97ad0000, 0x97b50000)
 tenured generation   total 10944K, used 8544K [0x9c8a0000, 0x9d350000, 0xa6e00000)
   the space 10944K,  78% used [0x9c8a0000, 0x9d0f81e8, 0x9d0f8200, 0x9d350000)
 Metaspace       used 11535K, capacity 11615K, committed 11672K, reserved 12592K
}
Event: 12.845 GC heap before
{Heap before GC invocations=24 (full 0):
 def new generation   total 4928K, used 3774K [0x97600000, 0x97b50000, 0x9c8a0000)
  eden space 4416K,  77% used [0x97600000, 0x9795b4f0, 0x97a50000)
  from space 512K,  65% used [0x97a50000, 0x97aa4698, 0x97ad0000)
  to   space 512K,   0% used [0x97ad0000, 0x97ad0000, 0x97b50000)
 tenured generation   total 10944K, used 8544K [0x9c8a0000, 0x9d350000, 0xa6e00000)
   the space 10944K,  78% used [0x9c8a0000, 0x9d0f81e8, 0x9d0f8200, 0x9d350000)
 Metaspace       used 11595K, capacity 11679K, committed 11800K, reserved 12592K
Event: 12.855 GC heap after
Heap after GC invocations=25 (full 0):
 def new generation   total 4928K, used 107K [0x97600000, 0x97b50000, 0x9c8a0000)
  eden space 4416K,   0% used [0x97600000, 0x97600000, 0x97a50000)
  from space 512K,  20% used [0x97ad0000, 0x97aead58, 0x97b50000)
  to   space 512K,   0% used [0x97a50000, 0x97a50000, 0x97ad0000)
 tenured generation   total 10944K, used 9619K [0x9c8a0000, 0x9d350000, 0xa6e00000)
   the space 10944K,  87% used [0x9c8a0000, 0x9d204d28, 0x9d204e00, 0x9d350000)
 Metaspace       used 11595K, capacity 11679K, committed 11800K, reserved 12592K
}
Event: 13.754 GC heap before
{Heap before GC invocations=25 (full 0):
 def new generation   total 4928K, used 4523K [0x97600000, 0x97b50000, 0x9c8a0000)
  eden space 4416K, 100% used [0x97600000, 0x97a50000, 0x97a50000)
  from space 512K,  20% used [0x97ad0000, 0x97aead58, 0x97b50000)
  to   space 512K,   0% used [0x97a50000, 0x97a50000, 0x97ad0000)
 tenured generation   total 10944K, used 9619K [0x9c8a0000, 0x9d350000, 0xa6e00000)
   the space 10944K,  87% used [0x9c8a0000, 0x9d204d28, 0x9d204e00, 0x9d350000)
 Metaspace       used 12749K, capacity 12835K, committed 12952K, reserved 13616K
Event: 13.762 GC heap after
Heap after GC invocations=26 (full 0):
 def new generation   total 4928K, used 512K [0x97600000, 0x97b50000, 0x9c8a0000)
  eden space 4416K,   0% used [0x97600000, 0x97600000, 0x97a50000)
  from space 512K, 100% used [0x97a50000, 0x97ad0000, 0x97ad0000)
  to   space 512K,   0% used [0x97ad0000, 0x97ad0000, 0x97b50000)
 tenured generation   total 10944K, used 9773K [0x9c8a0000, 0x9d350000, 0xa6e00000)
   the space 10944K,  89% used [0x9c8a0000, 0x9d22b470, 0x9d22b600, 0x9d350000)
 Metaspace       used 12749K, capacity 12835K, committed 12952K, reserved 13616K
}
Event: 14.197 GC heap before
{Heap before GC invocations=26 (full 0):
 def new generation   total 4928K, used 4928K [0x97600000, 0x97b50000, 0x9c8a0000)
  eden space 4416K, 100% used [0x97600000, 0x97a50000, 0x97a50000)
  from space 512K, 100% used [0x97a50000, 0x97ad0000, 0x97ad0000)
  to   space 512K,   0% used [0x97ad0000, 0x97ad0000, 0x97b50000)
 tenured generation   total 10944K, used 9773K [0x9c8a0000, 0x9d350000, 0xa6e00000)
   the space 10944K,  89% used [0x9c8a0000, 0x9d22b470, 0x9d22b600, 0x9d350000)
 Metaspace       used 13343K, capacity 13411K, committed 13464K, reserved 13616K
Event: 14.210 GC heap after
Heap after GC invocations=27 (full 0):
 def new generation   total 4928K, used 511K [0x97600000, 0x97b50000, 0x9c8a0000)
  eden space 4416K,   0% used [0x97600000, 0x97600000, 0x97a50000)
  from space 512K,  99% used [0x97ad0000, 0x97b4fff8, 0x97b50000)
  to   space 512K,   0% used [0x97a50000, 0x97a50000, 0x97ad0000)
 tenured generation   total 10944K, used 10290K [0x9c8a0000, 0x9d350000, 0xa6e00000)
   the space 10944K,  94% used [0x9c8a0000, 0x9d2ac970, 0x9d2aca00, 0x9d350000)
 Metaspace       used 13343K, capacity 13411K, committed 13464K, reserved 13616K
}
Event: 14.732 GC heap before
{Heap before GC invocations=27 (full 0):
 def new generation   total 4928K, used 4927K [0x97600000, 0x97b50000, 0x9c8a0000)
  eden space 4416K, 100% used [0x97600000, 0x97a50000, 0x97a50000)
  from space 512K,  99% used [0x97ad0000, 0x97b4fff8, 0x97b50000)
  to   space 512K,   0% used [0x97a50000, 0x97a50000, 0x97ad0000)
 tenured generation   total 10944K, used 10290K [0x9c8a0000, 0x9d350000, 0xa6e00000)
   the space 10944K,  94% used [0x9c8a0000, 0x9d2ac970, 0x9d2aca00, 0x9d350000)
 Metaspace       used 13883K, capacity 13957K, committed 13976K, reserved 14640K
Event: 14.754 GC heap after
Heap after GC invocations=28 (full 0):
 def new generation   total 4928K, used 512K [0x97600000, 0x97b50000, 0x9c8a0000)
  eden space 4416K,   0% used [0x97600000, 0x97600000, 0x97a50000)
  from space 512K, 100% used [0x97a50000, 0x97ad0000, 0x97ad0000)
  to   space 512K,   0% used [0x97ad0000, 0x97ad0000, 0x97b50000)
 tenured generation   total 10944K, used 10676K [0x9c8a0000, 0x9d350000, 0xa6e00000)
   the space 10944K,  97% used [0x9c8a0000, 0x9d30d3e8, 0x9d30d400, 0x9d350000)
 Metaspace       used 13883K, capacity 13957K, committed 13976K, reserved 14640K
}
Event: 14.955 GC heap before
{Heap before GC invocations=28 (full 0):
 def new generation   total 4928K, used 4928K [0x97600000, 0x97b50000, 0x9c8a0000)
  eden space 4416K, 100% used [0x97600000, 0x97a50000, 0x97a50000)
  from space 512K, 100% used [0x97a50000, 0x97ad0000, 0x97ad0000)
  to   space 512K,   0% used [0x97ad0000, 0x97ad0000, 0x97b50000)
 tenured generation   total 10944K, used 10676K [0x9c8a0000, 0x9d350000, 0xa6e00000)
   the space 10944K,  97% used [0x9c8a0000, 0x9d30d3e8, 0x9d30d400, 0x9d350000)
 Metaspace       used 13907K, capacity 13989K, committed 14104K, reserved 14640K

